<?xml version="1.0" encoding="UTF-8"?>
<testng-results skipped="0" failed="0" total="2" passed="2">
  <reporter-output>
  </reporter-output>
  <suite name="Default suite" duration-ms="17" started-at="2015-08-01T16:26:03Z" finished-at="2015-08-01T16:26:03Z">
    <groups>
    </groups>
    <test name="Default test" duration-ms="17" started-at="2015-08-01T16:26:03Z" finished-at="2015-08-01T16:26:03Z">
      <class name="LoginTestNG2">
        <test-method status="PASS" signature="openSuite()[pri:0, instance:LoginTestNG2@5474c6c]" name="openSuite" is-config="true" duration-ms="6" started-at="2015-08-01T09:26:03Z" finished-at="2015-08-01T09:26:03Z">
          <reporter-output>
          </reporter-output>
        </test-method> <!-- openSuite -->
        <test-method status="PASS" signature="openConnection()[pri:0, instance:LoginTestNG2@5474c6c]" name="openConnection" is-config="true" duration-ms="0" started-at="2015-08-01T09:26:03Z" finished-at="2015-08-01T09:26:03Z">
          <reporter-output>
          </reporter-output>
        </test-method> <!-- openConnection -->
        <test-method status="PASS" signature="openBeforeClass()[pri:0, instance:LoginTestNG2@5474c6c]" name="openBeforeClass" is-config="true" duration-ms="0" started-at="2015-08-01T09:26:03Z" finished-at="2015-08-01T09:26:03Z">
          <reporter-output>
          </reporter-output>
        </test-method> <!-- openBeforeClass -->
        <test-method status="PASS" signature="openBrowser()[pri:0, instance:LoginTestNG2@5474c6c]" name="openBrowser" is-config="true" duration-ms="0" started-at="2015-08-01T09:26:03Z" finished-at="2015-08-01T09:26:03Z">
          <reporter-output>
          </reporter-output>
        </test-method> <!-- openBrowser -->
        <test-method status="PASS" signature="testLogin()[pri:0, instance:LoginTestNG2@5474c6c]" name="testLogin" duration-ms="5" started-at="2015-08-01T09:26:03Z" finished-at="2015-08-01T09:26:03Z">
          <reporter-output>
          </reporter-output>
        </test-method> <!-- testLogin -->
        <test-method status="PASS" signature="closeBrowser()[pri:0, instance:LoginTestNG2@5474c6c]" name="closeBrowser" is-config="true" duration-ms="0" started-at="2015-08-01T09:26:03Z" finished-at="2015-08-01T09:26:03Z">
          <reporter-output>
          </reporter-output>
        </test-method> <!-- closeBrowser -->
        <test-method status="PASS" signature="testRegister()[pri:0, instance:LoginTestNG2@5474c6c]" name="testRegister" duration-ms="0" started-at="2015-08-01T09:26:03Z" finished-at="2015-08-01T09:26:03Z">
          <reporter-output>
          </reporter-output>
        </test-method> <!-- testRegister -->
        <test-method status="PASS" signature="openBrowser()[pri:0, instance:LoginTestNG2@5474c6c]" name="openBrowser" is-config="true" duration-ms="0" started-at="2015-08-01T09:26:03Z" finished-at="2015-08-01T09:26:03Z">
          <reporter-output>
          </reporter-output>
        </test-method> <!-- openBrowser -->
        <test-method status="PASS" signature="closeAfterClass()[pri:0, instance:LoginTestNG2@5474c6c]" name="closeAfterClass" is-config="true" duration-ms="0" started-at="2015-08-01T09:26:03Z" finished-at="2015-08-01T09:26:03Z">
          <reporter-output>
          </reporter-output>
        </test-method> <!-- closeAfterClass -->
        <test-method status="PASS" signature="closeBrowser()[pri:0, instance:LoginTestNG2@5474c6c]" name="closeBrowser" is-config="true" duration-ms="0" started-at="2015-08-01T09:26:03Z" finished-at="2015-08-01T09:26:03Z">
          <reporter-output>
          </reporter-output>
        </test-method> <!-- closeBrowser -->
        <test-method status="PASS" signature="closeConnection()[pri:0, instance:LoginTestNG2@5474c6c]" name="closeConnection" is-config="true" duration-ms="0" started-at="2015-08-01T09:26:03Z" finished-at="2015-08-01T09:26:03Z">
          <reporter-output>
          </reporter-output>
        </test-method> <!-- closeConnection -->
        <test-method status="PASS" signature="closeSuite()[pri:0, instance:LoginTestNG2@5474c6c]" name="closeSuite" is-config="true" duration-ms="0" started-at="2015-08-01T09:26:03Z" finished-at="2015-08-01T09:26:03Z">
          <reporter-output>
          </reporter-output>
        </test-method> <!-- closeSuite -->
      </class> <!-- LoginTestNG2 -->
    </test> <!-- Default test -->
  </suite> <!-- Default suite -->
</testng-results>
